<?xml version="1.0" encoding="UTF-8"?>
<testng-results skipped="0" failed="0" ignored="0" total="2" passed="2">
  <reporter-output>
  </reporter-output>
  <suite name="Default suite" duration-ms="5866" started-at="2023-07-09T20:21:54Z" finished-at="2023-07-09T20:22:00Z">
    <groups>
    </groups>
    <test name="Default test" duration-ms="5866" started-at="2023-07-09T20:21:54Z" finished-at="2023-07-09T20:22:00Z">
      <class name="org.pojo.FBLogin">
        <test-method status="PASS" signature="tc1()[pri:0, instance:org.pojo.FBLogin@30b8a058]" name="tc1" duration-ms="5440" started-at="2023-07-09T20:21:54Z" finished-at="2023-07-09T20:21:59Z">
          <reporter-output>
          </reporter-output>
        </test-method> <!-- tc1 -->
        <test-method status="PASS" signature="tc2()[pri:0, instance:org.pojo.FBLogin@30b8a058]" name="tc2" duration-ms="378" started-at="2023-07-09T20:21:59Z" finished-at="2023-07-09T20:22:00Z">
          <reporter-output>
          </reporter-output>
        </test-method> <!-- tc2 -->
      </class> <!-- org.pojo.FBLogin -->
    </test> <!-- Default test -->
  </suite> <!-- Default suite -->
</testng-results>
